<?xml version="1.0" encoding="UTF-8"?>
<!-- Generated by org.testng.reporters.JUnitReportReporter -->
<testsuite hostname="Raja-HP" name="tests.LoginTest" tests="2" failures="0" timestamp="25 Mar 2015 17:01:30 GMT" time="0.004" errors="0">
  <testcase name="testLogin" time="0.002" classname="tests.LoginTest"/>
  <testcase name="testRegister" time="0.002" classname="tests.LoginTest"/>
</testsuite> <!-- tests.LoginTest -->
