<?xml version="1.0" encoding="UTF-8"?>
<!-- Generated by org.testng.reporters.JUnitReportReporter -->
<testsuite hostname="Raja-HP" name="tests.SellItemsTest" tests="1" failures="1" timestamp="25 Mar 2015 17:01:30 GMT" time="0.001" errors="0">
  <testcase name="testSellingBooks" time="0.001" classname="tests.SellItemsTest"/>
</testsuite> <!-- tests.SellItemsTest -->
